<?xml version="1.0" encoding="UTF-8"?>
<!-- Generated by org.testng.reporters.JUnitReportReporter -->
<testsuite hostname="GeetanjaliPC" failures="0" tests="1" name="remoteTesting.dockerValidation.startDocker" time="21.888" errors="0" timestamp="2025-05-30T10:12:42 AEST" skipped="0">
  <testcase classname="remoteTesting.dockerValidation.startDocker" name="startFile" time="21.888"/>
</testsuite> <!-- remoteTesting.dockerValidation.startDocker -->
