<?xml version="1.0" encoding="UTF-8"?>
<!-- Generated by org.testng.reporters.JUnitReportReporter -->
<testsuite hostname="GeetanjaliPC" failures="0" tests="1" name="remoteTesting.dockerValidation.chromeTestGrid" time="4.975" errors="0" timestamp="2025-05-30T11:59:45 AEST" skipped="0">
  <testcase classname="remoteTesting.dockerValidation.chromeTestGrid" name="test1" time="4.975"/>
</testsuite> <!-- remoteTesting.dockerValidation.chromeTestGrid -->
