<?xml version="1.0" encoding="UTF-8"?>
<!-- Generated by org.testng.reporters.JUnitReportReporter -->
<testsuite hostname="GeetanjaliPC" failures="0" tests="1" name="remoteTesting.dockerValidation.chromeTestGrid3" time="5.858" errors="0" timestamp="2025-05-30T11:59:45 AEST" skipped="0">
  <testcase classname="remoteTesting.dockerValidation.chromeTestGrid3" name="test3" time="5.858"/>
</testsuite> <!-- remoteTesting.dockerValidation.chromeTestGrid3 -->
